<?xml version="1.0" encoding="UTF-8"?>
<!-- Generated by org.testng.reporters.JUnitReportReporter -->
<testsuite hostname="LAPTOP-69CS28LU" failures="0" tests="1" name="com.datadriven.framework.test.LoginTest.loginTest" time="0.000" errors="0" timestamp="2022-05-26T21:14:54 IST" skipped="1">
  <testcase classname="com.datadriven.framework.test.LoginTest.loginTest" name="testOne" time="0.000">
    <skipped/>
  </testcase> <!-- testOne -->
  <system-out/>
</testsuite> <!-- com.datadriven.framework.test.LoginTest.loginTest -->
